<?xml version="1.0" encoding="UTF-8"?>
<!-- Generated by org.testng.reporters.JUnitReportReporter -->
<testsuite ignored="5" hostname="PFTBLR-RMZ-021" failures="0" tests="2" name="com.qa.clearpc.Login.LogoutTest" time="0.005" errors="0" timestamp="29 Sep 2020 07:24:43 GMT" skipped="2">
  <testcase classname="com.qa.clearpc.Login.LogoutTest" name="validateLogoutFunctionality" time="0.003">
    <skipped/>
  </testcase> <!-- validateLogoutFunctionality -->
  <testcase classname="com.qa.clearpc.Login.LogoutTest" name="check" time="0.002">
    <skipped/>
  </testcase> <!-- check -->
  <testcase classname="com.qa.clearpc.Login.LoginPageTest" name="validateLoginForInvalidData">
    <skipped/>
  </testcase> <!-- validateLoginForInvalidData -->
  <testcase classname="com.qa.clearpc.Login.LoginPageTest" name="validateLogin">
    <skipped/>
  </testcase> <!-- validateLogin -->
  <testcase classname="com.qa.clearpc.BaseClass.BaseClass" name="endSuite">
    <skipped/>
  </testcase> <!-- endSuite -->
  <testcase classname="com.qa.clearpc.BaseClass.BaseClass" name="BeforesuiteSetup">
    <skipped/>
  </testcase> <!-- BeforesuiteSetup -->
  <testcase classname="com.qa.clearpc.BaseClass.BaseClass" name="initialisation">
    <skipped/>
  </testcase> <!-- initialisation -->
</testsuite> <!-- com.qa.clearpc.Login.LogoutTest -->
