<?xml version="1.0" encoding="UTF-8"?>
<!-- Generated by org.testng.reporters.JUnitReportReporter -->
<testsuite ignored="3" hostname="PFTBLR-RMZ-021" failures="0" tests="4" name="com.qa.clearpc.search.Search_pageTest" time="80.472" errors="0" timestamp="07 Oct 2020 09:46:25 GMT" skipped="0">
  <testcase classname="com.qa.clearpc.search.Search_pageTest" name="performSearchWithinOrganisation" time="14.771"/>
  <testcase classname="com.qa.clearpc.search.Search_pageTest" name="validateSearchForInvalidData" time="45.969"/>
  <testcase classname="com.qa.clearpc.search.Search_pageTest" name="ValidateSearchTipsMessageIsDispalyed" time="9.246"/>
  <testcase classname="com.qa.clearpc.search.Search_pageTest" name="validateAutosuggetionsForAdvancedSearch" time="10.486"/>
  <testcase classname="com.qa.clearpc.search.Search_pageTest" name="validateGridAssetView">
    <skipped/>
  </testcase> <!-- validateGridAssetView -->
  <testcase classname="com.qa.clearpc.search.Search_pageTest" name="validateDetailedAssetView">
    <skipped/>
  </testcase> <!-- validateDetailedAssetView -->
  <testcase classname="com.qa.clearpc.search.Search_pageTest" name="validateListAssetView">
    <skipped/>
  </testcase> <!-- validateListAssetView -->
</testsuite> <!-- com.qa.clearpc.search.Search_pageTest -->
