<?xml version="1.0" encoding="UTF-8"?>
<!-- Generated by org.testng.reporters.JUnitReportReporter -->
<testsuite ignored="3" hostname="PFTBLR-RMZ-021" failures="0" tests="2" name="com.qa.clearpc.shareLink.ShareLinkTest" time="112.791" errors="0" timestamp="30 Oct 2020 15:32:32 GMT" skipped="0">
  <testcase classname="com.qa.clearpc.shareLink.ShareLinkTest" name="verifyAssetSharePopup" time="57.456"/>
  <testcase classname="com.qa.clearpc.shareLink.ShareLinkTest" name="verifyAssetSharePopup" time="55.335"/>
  <testcase classname="com.qa.clearpc.shareLink.ShareLinkTest" name="validateSuccessMessageaUponCopyingShareLink">
    <skipped/>
  </testcase> <!-- validateSuccessMessageaUponCopyingShareLink -->
  <testcase classname="com.qa.clearpc.shareLink.ShareLinkTest" name="validateSharePopUp">
    <skipped/>
  </testcase> <!-- validateSharePopUp -->
  <testcase classname="com.qa.clearpc.shareLink.ShareLinkTest" name="validateShareFunctionality">
    <skipped/>
  </testcase> <!-- validateShareFunctionality -->
</testsuite> <!-- com.qa.clearpc.shareLink.ShareLinkTest -->
