<?xml version="1.0" encoding="UTF-8"?>
<!-- Generated by org.testng.reporters.JUnitReportReporter -->
<testsuite ignored="4" hostname="PFTBLR-RMZ-021" failures="0" tests="1" name="com.qa.clearpc.shareLink.ShareLinkTest" time="49.266" errors="0" timestamp="02 Nov 2020 14:54:20 GMT" skipped="0">
  <testcase classname="com.qa.clearpc.shareLink.ShareLinkTest" name="validateAssetSharePopUp" time="49.266"/>
  <testcase classname="com.qa.clearpc.shareLink.ShareLinkTest" name="validateSuccessMessageaUponCopyingShareLink">
    <skipped/>
  </testcase> <!-- validateSuccessMessageaUponCopyingShareLink -->
  <testcase classname="com.qa.clearpc.shareLink.ShareLinkTest" name="validateSharePopUp">
    <skipped/>
  </testcase> <!-- validateSharePopUp -->
  <testcase classname="com.qa.clearpc.shareLink.ShareLinkTest" name="verifyAssetShareLinkFunctionality">
    <skipped/>
  </testcase> <!-- verifyAssetShareLinkFunctionality -->
  <testcase classname="com.qa.clearpc.shareLink.ShareLinkTest" name="validateShareFunctionality">
    <skipped/>
  </testcase> <!-- validateShareFunctionality -->
</testsuite> <!-- com.qa.clearpc.shareLink.ShareLinkTest -->
