<?xml version="1.0" encoding="UTF-8"?>
<!-- Generated by org.testng.reporters.JUnitReportReporter -->
<testsuite ignored="1" hostname="PFTBLR-RMZ-021" failures="0" tests="1" name="com.qa.clearpc.search.FilterPageTest" time="158.849" errors="0" timestamp="07 Oct 2020 11:05:27 GMT" skipped="0">
  <testcase classname="com.qa.clearpc.search.FilterPageTest" name="validateCategoriesFilterTypeResults" time="158.849"/>
  <testcase classname="com.qa.clearpc.search.FilterPageTest" name="validateAllFilterOptionsAreDisplayed">
    <skipped/>
  </testcase> <!-- validateAllFilterOptionsAreDisplayed -->
</testsuite> <!-- com.qa.clearpc.search.FilterPageTest -->
