<?xml version="1.0" encoding="UTF-8"?>
<!-- Generated by org.testng.reporters.JUnitReportReporter -->
<testsuite hostname="Manjushree" failures="0" tests="2" name="com.qa.clearpc.testcases.LoginPageTest" time="67.649" errors="0" timestamp="7 Aug 2020 11:07:43 GMT">
  <testcase classname="com.qa.clearpc.testcases.LoginPageTest" name="validateLoginForInvalidData" time="24.093"/>
  <testcase classname="com.qa.clearpc.testcases.LoginPageTest" name="validateLogin" time="43.556"/>
</testsuite> <!-- com.qa.clearpc.testcases.LoginPageTest -->
