<?xml version="1.0" encoding="UTF-8"?>
<!-- Generated by org.testng.reporters.JUnitReportReporter -->
<testsuite ignored="1" hostname="PFTBLR-RMZ-021" failures="0" tests="6" name="com.qa.clearpc.AddFolder.AddFolderTest" time="237.436" errors="0" timestamp="28 Mar 2021 16:05:46 GMT" skipped="0">
  <testcase classname="com.qa.clearpc.AddFolder.AddFolderTest" name="validateAddFolderFunctionality_SaveAndCloseFunctionality" time="27.022"/>
  <testcase classname="com.qa.clearpc.AddFolder.AddFolderTest" name="validateEditFolderFucntionality" time="33.034"/>
  <testcase classname="com.qa.clearpc.AddFolder.AddFolderTest" name="validateAddFolderPopupDisplaying" time="46.028"/>
  <testcase classname="com.qa.clearpc.AddFolder.AddFolderTest" name="searchNewlyCreatedFolderWithInOrganisation" time="54.199"/>
  <testcase classname="com.qa.clearpc.AddFolder.AddFolderTest" name="validateSaveAndAnotherFolderFunctionality" time="56.541"/>
  <testcase classname="com.qa.clearpc.AddFolder.AddFolderTest" name="validateFieldsInAddFolderPopup" time="20.612"/>
  <testcase classname="com.qa.clearpc.Login.LoginPageTest" name="validateLogin">
    <skipped/>
  </testcase> <!-- validateLogin -->
</testsuite> <!-- com.qa.clearpc.AddFolder.AddFolderTest -->
