<?xml version="1.0" encoding="UTF-8"?>
<!-- Generated by org.testng.reporters.JUnitReportReporter -->
<testsuite ignored="5" hostname="PFTBLR-RMZ-021" failures="0" tests="1" name="com.qa.clearpc.AddFolder.AddFolderTest" time="46.017" errors="0" timestamp="22 Oct 2020 14:11:04 GMT" skipped="0">
  <testcase classname="com.qa.clearpc.AddFolder.AddFolderTest" name="validateAddFolderPopupDisplaying" time="46.017"/>
  <testcase classname="com.qa.clearpc.AddFolder.AddFolderTest" name="validateFieldsInAddFolderPopup">
    <skipped/>
  </testcase> <!-- validateFieldsInAddFolderPopup -->
  <testcase classname="com.qa.clearpc.AddFolder.AddFolderTest" name="validateEditFolderFucntionality">
    <skipped/>
  </testcase> <!-- validateEditFolderFucntionality -->
  <testcase classname="com.qa.clearpc.AddFolder.AddFolderTest" name="validateAddFolderFunctionality_SaveAndCloseFunctionality">
    <skipped/>
  </testcase> <!-- validateAddFolderFunctionality_SaveAndCloseFunctionality -->
  <testcase classname="com.qa.clearpc.AddFolder.AddFolderTest" name="validateSaveAndAnotherFolderFunctionality">
    <skipped/>
  </testcase> <!-- validateSaveAndAnotherFolderFunctionality -->
  <testcase classname="com.qa.clearpc.AddFolder.AddFolderTest" name="searchNewlyCreatedFolderWithInOrganisation">
    <skipped/>
  </testcase> <!-- searchNewlyCreatedFolderWithInOrganisation -->
</testsuite> <!-- com.qa.clearpc.AddFolder.AddFolderTest -->
