<?xml version="1.0" encoding="UTF-8"?>
<!-- Generated by org.testng.reporters.JUnitReportReporter -->
<testsuite ignored="4" hostname="PFTBLR-RMZ-021" failures="0" tests="2" name="com.qa.clearpc.Library.ActionPageTest" time="40.774" errors="0" timestamp="22 Oct 2020 11:25:21 GMT" skipped="0">
  <testcase classname="com.qa.clearpc.Library.ActionPageTest" name="validateRenameFunctionality" time="29.583"/>
  <testcase classname="com.qa.clearpc.Library.ActionPageTest" name="validateRenamedAssetSearchResult" time="11.191"/>
  <testcase classname="com.qa.clearpc.Library.ActionPageTest" name="validateCopyFunctionality">
    <skipped/>
  </testcase> <!-- validateCopyFunctionality -->
  <testcase classname="com.qa.clearpc.Library.ActionPageTest" name="validateMoveFunctionality">
    <skipped/>
  </testcase> <!-- validateMoveFunctionality -->
  <testcase classname="com.qa.clearpc.Library.ActionPageTest" name="validateCopiedAssetInDestFolder">
    <skipped/>
  </testcase> <!-- validateCopiedAssetInDestFolder -->
  <testcase classname="com.qa.clearpc.Library.ActionPageTest" name="validateCopyAssetPopUpDisplayed">
    <skipped/>
  </testcase> <!-- validateCopyAssetPopUpDisplayed -->
</testsuite> <!-- com.qa.clearpc.Library.ActionPageTest -->
