<?xml version="1.0" encoding="UTF-8"?>
<!-- Generated by org.testng.reporters.JUnitReportReporter -->
<testsuite ignored="6" hostname="PFTBLR-RMZ-021" failures="0" tests="3" name="com.qa.clearpc.Login.LoginPageTest" time="58.022" errors="0" timestamp="29 Mar 2021 06:05:25 GMT" skipped="0">
  <testcase classname="com.qa.clearpc.Login.LoginPageTest" name="validateLogout" time="6.777"/>
  <testcase classname="com.qa.clearpc.Login.LoginPageTest" name="ValidateloginToPortal" time="17.843"/>
  <testcase classname="com.qa.clearpc.Login.LoginPageTest" name="validateLoginForInvalidData" time="33.402"/>
  <testcase classname="com.qa.clearpc.shareLink.ShareLinkTest" name="validateAssetShareNotificationForExternalUser">
    <skipped/>
  </testcase> <!-- validateAssetShareNotificationForExternalUser -->
  <testcase classname="com.qa.clearpc.shareLink.ShareLinkTest" name="validateAssetShareNotificationForInternalUser">
    <skipped/>
  </testcase> <!-- validateAssetShareNotificationForInternalUser -->
  <testcase classname="com.qa.clearpc.shareLink.ShareLinkTest" name="validateAssetSharePopUp">
    <skipped/>
  </testcase> <!-- validateAssetSharePopUp -->
  <testcase classname="com.qa.clearpc.shareLink.ShareLinkTest" name="verifyAssetShareLinkFunctionality">
    <skipped/>
  </testcase> <!-- verifyAssetShareLinkFunctionality -->
  <testcase classname="com.qa.clearpc.shareLink.ShareLinkTest" name="ValidateAssetShareFunctionality">
    <skipped/>
  </testcase> <!-- ValidateAssetShareFunctionality -->
  <testcase classname="com.qa.clearpc.Login.LoginPageTest" name="validateLogin">
    <skipped/>
  </testcase> <!-- validateLogin -->
</testsuite> <!-- com.qa.clearpc.Login.LoginPageTest -->
