<?xml version="1.0" encoding="UTF-8"?>
<!-- Generated by org.testng.reporters.JUnitReportReporter -->
<testsuite ignored="3" hostname="PFTBLR-RMZ-021" failures="0" tests="1" name="com.qa.clearpc.Login.LoginPageTest" time="11.839" errors="0" timestamp="07 Oct 2020 09:29:47 GMT" skipped="0">
  <testcase classname="com.qa.clearpc.Login.LoginPageTest" name="ValidateloginToPortal" time="11.839"/>
  <testcase classname="com.qa.clearpc.Login.LoginPageTest" name="validateLoginForInvalidData">
    <skipped/>
  </testcase> <!-- validateLoginForInvalidData -->
  <testcase classname="com.qa.clearpc.Login.LoginPageTest" name="validateLogin">
    <skipped/>
  </testcase> <!-- validateLogin -->
  <testcase classname="com.qa.clearpc.Login.LoginPageTest" name="validateLogout">
    <skipped/>
  </testcase> <!-- validateLogout -->
</testsuite> <!-- com.qa.clearpc.Login.LoginPageTest -->
